2026-03-18 08:13:05,125 - __main__ - INFO - Starting CC Switch Telegram Bot...
2026-03-18 08:13:06,452 - httpx - INFO - HTTP Request: POST https://api.telegram.org/bot8589915661:AAHyWHVAqWbFn2rvAL855UHvlA_rPonziy0/getMe "HTTP/1.1 200 OK"
2026-03-18 08:13:06,857 - httpx - INFO - HTTP Request: POST https://api.telegram.org/bot8589915661:AAHyWHVAqWbFn2rvAL855UHvlA_rPonziy0/deleteWebhook "HTTP/1.1 200 OK"
2026-03-18 08:13:06,858 - apscheduler.scheduler - INFO - Scheduler started
2026-03-18 08:13:06,858 - telegram.ext.Application - INFO - Application started
2026-03-18 08:13:18,228 - httpx - INFO - HTTP Request: POST https://api.telegram.org/bot8589915661:AAHyWHVAqWbFn2rvAL855UHvlA_rPonziy0/getUpdates "HTTP/1.1 200 OK"
2026-03-18 08:13:28,558 - httpx - INFO - HTTP Request: POST https://api.telegram.org/bot8589915661:AAHyWHVAqWbFn2rvAL855UHvlA_rPonziy0/getUpdates "HTTP/1.1 200 OK"
2026-03-18 08:13:38,883 - httpx - INFO - HTTP Request: POST https://api.telegram.org/bot8589915661:AAHyWHVAqWbFn2rvAL855UHvlA_rPonziy0/getUpdates "HTTP/1.1 200 OK"
2026-03-18 08:13:49,206 - httpx - INFO - HTTP Request: POST https://api.telegram.org/bot8589915661:AAHyWHVAqWbFn2rvAL855UHvlA_rPonziy0/getUpdates "HTTP/1.1 200 OK"
2026-03-18 08:13:59,531 - httpx - INFO - HTTP Request: POST https://api.telegram.org/bot8589915661:AAHyWHVAqWbFn2rvAL855UHvlA_rPonziy0/getUpdates "HTTP/1.1 200 OK"
2026-03-18 08:14:09,867 - httpx - INFO - HTTP Request: POST https://api.telegram.org/bot8589915661:AAHyWHVAqWbFn2rvAL855UHvlA_rPonziy0/getUpdates "HTTP/1.1 200 OK"
2026-03-18 08:14:20,262 - httpx - INFO - HTTP Request: POST https://api.telegram.org/bot8589915661:AAHyWHVAqWbFn2rvAL855UHvlA_rPonziy0/getUpdates "HTTP/1.1 200 OK"
2026-03-18 08:14:26,922 - httpx - INFO - HTTP Request: POST https://api.telegram.org/bot8589915661:AAHyWHVAqWbFn2rvAL855UHvlA_rPonziy0/getUpdates "HTTP/1.1 200 OK"
2026-03-18 08:14:28,648 - httpx - INFO - HTTP Request: POST https://api.telegram.org/bot8589915661:AAHyWHVAqWbFn2rvAL855UHvlA_rPonziy0/sendMessage "HTTP/1.1 200 OK"
2026-03-18 08:14:35,228 - httpx - INFO - HTTP Request: POST https://api.telegram.org/bot8589915661:AAHyWHVAqWbFn2rvAL855UHvlA_rPonziy0/getUpdates "HTTP/1.1 200 OK"
2026-03-18 08:14:36,839 - httpx - INFO - HTTP Request: POST https://api.telegram.org/bot8589915661:AAHyWHVAqWbFn2rvAL855UHvlA_rPonziy0/answerCallbackQuery "HTTP/1.1 200 OK"
2026-03-18 08:14:37,335 - httpx - INFO - HTTP Request: POST https://api.telegram.org/bot8589915661:AAHyWHVAqWbFn2rvAL855UHvlA_rPonziy0/editMessageText "HTTP/1.1 200 OK"
2026-03-18 08:14:37,859 - httpx - INFO - HTTP Request: POST https://api.telegram.org/bot8589915661:AAHyWHVAqWbFn2rvAL855UHvlA_rPonziy0/editMessageText "HTTP/1.1 200 OK"
2026-03-18 08:14:45,559 - httpx - INFO - HTTP Request: POST https://api.telegram.org/bot8589915661:AAHyWHVAqWbFn2rvAL855UHvlA_rPonziy0/getUpdates "HTTP/1.1 200 OK"
2026-03-18 08:14:55,919 - httpx - INFO - HTTP Request: POST https://api.telegram.org/bot8589915661:AAHyWHVAqWbFn2rvAL855UHvlA_rPonziy0/getUpdates "HTTP/1.1 200 OK"
2026-03-18 08:15:06,259 - httpx - INFO - HTTP Request: POST https://api.telegram.org/bot8589915661:AAHyWHVAqWbFn2rvAL855UHvlA_rPonziy0/getUpdates "HTTP/1.1 200 OK"
2026-03-18 08:15:16,586 - httpx - INFO - HTTP Request: POST https://api.telegram.org/bot8589915661:AAHyWHVAqWbFn2rvAL855UHvlA_rPonziy0/getUpdates "HTTP/1.1 200 OK"
2026-03-18 08:15:26,909 - httpx - INFO - HTTP Request: POST https://api.telegram.org/bot8589915661:AAHyWHVAqWbFn2rvAL855UHvlA_rPonziy0/getUpdates "HTTP/1.1 200 OK"
2026-03-18 08:15:37,292 - httpx - INFO - HTTP Request: POST https://api.telegram.org/bot8589915661:AAHyWHVAqWbFn2rvAL855UHvlA_rPonziy0/getUpdates "HTTP/1.1 200 OK"
2026-03-18 08:15:47,622 - httpx - INFO - HTTP Request: POST https://api.telegram.org/bot8589915661:AAHyWHVAqWbFn2rvAL855UHvlA_rPonziy0/getUpdates "HTTP/1.1 200 OK"
2026-03-18 08:15:57,943 - httpx - INFO - HTTP Request: POST https://api.telegram.org/bot8589915661:AAHyWHVAqWbFn2rvAL855UHvlA_rPonziy0/getUpdates "HTTP/1.1 200 OK"
2026-03-18 08:16:08,270 - httpx - INFO - HTTP Request: POST https://api.telegram.org/bot8589915661:AAHyWHVAqWbFn2rvAL855UHvlA_rPonziy0/getUpdates "HTTP/1.1 200 OK"
2026-03-18 08:16:18,597 - httpx - INFO - HTTP Request: POST https://api.telegram.org/bot8589915661:AAHyWHVAqWbFn2rvAL855UHvlA_rPonziy0/getUpdates "HTTP/1.1 200 OK"
2026-03-18 08:16:28,936 - httpx - INFO - HTTP Request: POST https://api.telegram.org/bot8589915661:AAHyWHVAqWbFn2rvAL855UHvlA_rPonziy0/getUpdates "HTTP/1.1 200 OK"
2026-03-18 08:16:39,295 - httpx - INFO - HTTP Request: POST https://api.telegram.org/bot8589915661:AAHyWHVAqWbFn2rvAL855UHvlA_rPonziy0/getUpdates "HTTP/1.1 200 OK"
2026-03-18 08:16:49,617 - httpx - INFO - HTTP Request: POST https://api.telegram.org/bot8589915661:AAHyWHVAqWbFn2rvAL855UHvlA_rPonziy0/getUpdates "HTTP/1.1 200 OK"
2026-03-18 08:16:59,938 - httpx - INFO - HTTP Request: POST https://api.telegram.org/bot8589915661:AAHyWHVAqWbFn2rvAL855UHvlA_rPonziy0/getUpdates "HTTP/1.1 200 OK"
2026-03-18 08:17:10,263 - httpx - INFO - HTTP Request: POST https://api.telegram.org/bot8589915661:AAHyWHVAqWbFn2rvAL855UHvlA_rPonziy0/getUpdates "HTTP/1.1 200 OK"
2026-03-18 08:17:20,616 - httpx - INFO - HTTP Request: POST https://api.telegram.org/bot8589915661:AAHyWHVAqWbFn2rvAL855UHvlA_rPonziy0/getUpdates "HTTP/1.1 200 OK"
2026-03-18 08:17:30,937 - httpx - INFO - HTTP Request: POST https://api.telegram.org/bot8589915661:AAHyWHVAqWbFn2rvAL855UHvlA_rPonziy0/getUpdates "HTTP/1.1 200 OK"
2026-03-18 08:17:41,257 - httpx - INFO - HTTP Request: POST https://api.telegram.org/bot8589915661:AAHyWHVAqWbFn2rvAL855UHvlA_rPonziy0/getUpdates "HTTP/1.1 200 OK"
2026-03-18 08:17:51,578 - httpx - INFO - HTTP Request: POST https://api.telegram.org/bot8589915661:AAHyWHVAqWbFn2rvAL855UHvlA_rPonziy0/getUpdates "HTTP/1.1 200 OK"
2026-03-18 08:18:01,900 - httpx - INFO - HTTP Request: POST https://api.telegram.org/bot8589915661:AAHyWHVAqWbFn2rvAL855UHvlA_rPonziy0/getUpdates "HTTP/1.1 200 OK"
2026-03-18 08:18:12,225 - httpx - INFO - HTTP Request: POST https://api.telegram.org/bot8589915661:AAHyWHVAqWbFn2rvAL855UHvlA_rPonziy0/getUpdates "HTTP/1.1 200 OK"
2026-03-18 08:18:22,610 - httpx - INFO - HTTP Request: POST https://api.telegram.org/bot8589915661:AAHyWHVAqWbFn2rvAL855UHvlA_rPonziy0/getUpdates "HTTP/1.1 200 OK"
2026-03-18 08:18:32,966 - httpx - INFO - HTTP Request: POST https://api.telegram.org/bot8589915661:AAHyWHVAqWbFn2rvAL855UHvlA_rPonziy0/getUpdates "HTTP/1.1 200 OK"
2026-03-18 08:18:43,307 - httpx - INFO - HTTP Request: POST https://api.telegram.org/bot8589915661:AAHyWHVAqWbFn2rvAL855UHvlA_rPonziy0/getUpdates "HTTP/1.1 200 OK"
2026-03-18 08:18:53,629 - httpx - INFO - HTTP Request: POST https://api.telegram.org/bot8589915661:AAHyWHVAqWbFn2rvAL855UHvlA_rPonziy0/getUpdates "HTTP/1.1 200 OK"
2026-03-18 08:19:03,982 - httpx - INFO - HTTP Request: POST https://api.telegram.org/bot8589915661:AAHyWHVAqWbFn2rvAL855UHvlA_rPonziy0/getUpdates "HTTP/1.1 200 OK"
2026-03-18 08:19:14,312 - httpx - INFO - HTTP Request: POST https://api.telegram.org/bot8589915661:AAHyWHVAqWbFn2rvAL855UHvlA_rPonziy0/getUpdates "HTTP/1.1 200 OK"
2026-03-18 08:19:24,631 - httpx - INFO - HTTP Request: POST https://api.telegram.org/bot8589915661:AAHyWHVAqWbFn2rvAL855UHvlA_rPonziy0/getUpdates "HTTP/1.1 200 OK"
2026-03-18 08:19:34,963 - httpx - INFO - HTTP Request: POST https://api.telegram.org/bot8589915661:AAHyWHVAqWbFn2rvAL855UHvlA_rPonziy0/getUpdates "HTTP/1.1 200 OK"
2026-03-18 08:19:45,316 - httpx - INFO - HTTP Request: POST https://api.telegram.org/bot8589915661:AAHyWHVAqWbFn2rvAL855UHvlA_rPonziy0/getUpdates "HTTP/1.1 200 OK"
2026-03-18 08:19:55,684 - httpx - INFO - HTTP Request: POST https://api.telegram.org/bot8589915661:AAHyWHVAqWbFn2rvAL855UHvlA_rPonziy0/getUpdates "HTTP/1.1 200 OK"
2026-03-18 08:20:06,012 - httpx - INFO - HTTP Request: POST https://api.telegram.org/bot8589915661:AAHyWHVAqWbFn2rvAL855UHvlA_rPonziy0/getUpdates "HTTP/1.1 200 OK"
2026-03-18 08:20:16,368 - httpx - INFO - HTTP Request: POST https://api.telegram.org/bot8589915661:AAHyWHVAqWbFn2rvAL855UHvlA_rPonziy0/getUpdates "HTTP/1.1 200 OK"
2026-03-18 08:20:26,699 - httpx - INFO - HTTP Request: POST https://api.telegram.org/bot8589915661:AAHyWHVAqWbFn2rvAL855UHvlA_rPonziy0/getUpdates "HTTP/1.1 200 OK"
2026-03-18 08:20:37,154 - httpx - INFO - HTTP Request: POST https://api.telegram.org/bot8589915661:AAHyWHVAqWbFn2rvAL855UHvlA_rPonziy0/getUpdates "HTTP/1.1 200 OK"
2026-03-18 08:20:47,475 - httpx - INFO - HTTP Request: POST https://api.telegram.org/bot8589915661:AAHyWHVAqWbFn2rvAL855UHvlA_rPonziy0/getUpdates "HTTP/1.1 200 OK"
2026-03-18 08:20:57,797 - httpx - INFO - HTTP Request: POST https://api.telegram.org/bot8589915661:AAHyWHVAqWbFn2rvAL855UHvlA_rPonziy0/getUpdates "HTTP/1.1 200 OK"
2026-03-18 08:21:04,793 - httpx - INFO - HTTP Request: POST https://api.telegram.org/bot8589915661:AAHyWHVAqWbFn2rvAL855UHvlA_rPonziy0/getUpdates "HTTP/1.1 200 OK"
2026-03-18 08:21:06,636 - httpx - INFO - HTTP Request: POST https://api.telegram.org/bot8589915661:AAHyWHVAqWbFn2rvAL855UHvlA_rPonziy0/sendMessage "HTTP/1.1 200 OK"
2026-03-18 08:21:12,032 - httpx - INFO - HTTP Request: POST https://api.telegram.org/bot8589915661:AAHyWHVAqWbFn2rvAL855UHvlA_rPonziy0/getUpdates "HTTP/1.1 200 OK"
2026-03-18 08:21:13,507 - httpx - INFO - HTTP Request: POST https://api.telegram.org/bot8589915661:AAHyWHVAqWbFn2rvAL855UHvlA_rPonziy0/answerCallbackQuery "HTTP/1.1 200 OK"
2026-03-18 08:21:14,019 - httpx - INFO - HTTP Request: POST https://api.telegram.org/bot8589915661:AAHyWHVAqWbFn2rvAL855UHvlA_rPonziy0/editMessageText "HTTP/1.1 200 OK"
2026-03-18 08:21:14,530 - httpx - INFO - HTTP Request: POST https://api.telegram.org/bot8589915661:AAHyWHVAqWbFn2rvAL855UHvlA_rPonziy0/editMessageText "HTTP/1.1 200 OK"
2026-03-18 08:21:22,438 - httpx - INFO - HTTP Request: POST https://api.telegram.org/bot8589915661:AAHyWHVAqWbFn2rvAL855UHvlA_rPonziy0/getUpdates "HTTP/1.1 200 OK"
2026-03-18 08:21:32,760 - httpx - INFO - HTTP Request: POST https://api.telegram.org/bot8589915661:AAHyWHVAqWbFn2rvAL855UHvlA_rPonziy0/getUpdates "HTTP/1.1 200 OK"
2026-03-18 08:21:43,100 - httpx - INFO - HTTP Request: POST https://api.telegram.org/bot8589915661:AAHyWHVAqWbFn2rvAL855UHvlA_rPonziy0/getUpdates "HTTP/1.1 200 OK"
2026-03-18 08:21:53,449 - httpx - INFO - HTTP Request: POST https://api.telegram.org/bot8589915661:AAHyWHVAqWbFn2rvAL855UHvlA_rPonziy0/getUpdates "HTTP/1.1 200 OK"
2026-03-18 08:22:03,774 - httpx - INFO - HTTP Request: POST https://api.telegram.org/bot8589915661:AAHyWHVAqWbFn2rvAL855UHvlA_rPonziy0/getUpdates "HTTP/1.1 200 OK"
2026-03-18 08:22:14,102 - httpx - INFO - HTTP Request: POST https://api.telegram.org/bot8589915661:AAHyWHVAqWbFn2rvAL855UHvlA_rPonziy0/getUpdates "HTTP/1.1 200 OK"
2026-03-18 08:22:24,563 - httpx - INFO - HTTP Request: POST https://api.telegram.org/bot8589915661:AAHyWHVAqWbFn2rvAL855UHvlA_rPonziy0/getUpdates "HTTP/1.1 200 OK"
2026-03-18 08:22:34,920 - httpx - INFO - HTTP Request: POST https://api.telegram.org/bot8589915661:AAHyWHVAqWbFn2rvAL855UHvlA_rPonziy0/getUpdates "HTTP/1.1 200 OK"
2026-03-18 08:22:45,268 - httpx - INFO - HTTP Request: POST https://api.telegram.org/bot8589915661:AAHyWHVAqWbFn2rvAL855UHvlA_rPonziy0/getUpdates "HTTP/1.1 200 OK"
2026-03-18 08:22:55,589 - httpx - INFO - HTTP Request: POST https://api.telegram.org/bot8589915661:AAHyWHVAqWbFn2rvAL855UHvlA_rPonziy0/getUpdates "HTTP/1.1 200 OK"
2026-03-18 08:23:05,911 - httpx - INFO - HTTP Request: POST https://api.telegram.org/bot8589915661:AAHyWHVAqWbFn2rvAL855UHvlA_rPonziy0/getUpdates "HTTP/1.1 200 OK"
2026-03-18 08:23:16,258 - httpx - INFO - HTTP Request: POST https://api.telegram.org/bot8589915661:AAHyWHVAqWbFn2rvAL855UHvlA_rPonziy0/getUpdates "HTTP/1.1 200 OK"
2026-03-18 08:23:26,603 - httpx - INFO - HTTP Request: POST https://api.telegram.org/bot8589915661:AAHyWHVAqWbFn2rvAL855UHvlA_rPonziy0/getUpdates "HTTP/1.1 200 OK"
2026-03-18 08:23:36,930 - httpx - INFO - HTTP Request: POST https://api.telegram.org/bot8589915661:AAHyWHVAqWbFn2rvAL855UHvlA_rPonziy0/getUpdates "HTTP/1.1 200 OK"
2026-03-18 08:23:47,256 - httpx - INFO - HTTP Request: POST https://api.telegram.org/bot8589915661:AAHyWHVAqWbFn2rvAL855UHvlA_rPonziy0/getUpdates "HTTP/1.1 200 OK"
2026-03-18 08:23:57,576 - httpx - INFO - HTTP Request: POST https://api.telegram.org/bot8589915661:AAHyWHVAqWbFn2rvAL855UHvlA_rPonziy0/getUpdates "HTTP/1.1 200 OK"
2026-03-18 08:24:07,902 - httpx - INFO - HTTP Request: POST https://api.telegram.org/bot8589915661:AAHyWHVAqWbFn2rvAL855UHvlA_rPonziy0/getUpdates "HTTP/1.1 200 OK"
2026-03-18 08:24:18,240 - httpx - INFO - HTTP Request: POST https://api.telegram.org/bot8589915661:AAHyWHVAqWbFn2rvAL855UHvlA_rPonziy0/getUpdates "HTTP/1.1 200 OK"
2026-03-18 08:24:28,565 - httpx - INFO - HTTP Request: POST https://api.telegram.org/bot8589915661:AAHyWHVAqWbFn2rvAL855UHvlA_rPonziy0/getUpdates "HTTP/1.1 200 OK"
2026-03-18 08:24:38,926 - httpx - INFO - HTTP Request: POST https://api.telegram.org/bot8589915661:AAHyWHVAqWbFn2rvAL855UHvlA_rPonziy0/getUpdates "HTTP/1.1 200 OK"
2026-03-18 08:24:49,277 - httpx - INFO - HTTP Request: POST https://api.telegram.org/bot8589915661:AAHyWHVAqWbFn2rvAL855UHvlA_rPonziy0/getUpdates "HTTP/1.1 200 OK"
2026-03-18 08:24:59,608 - httpx - INFO - HTTP Request: POST https://api.telegram.org/bot8589915661:AAHyWHVAqWbFn2rvAL855UHvlA_rPonziy0/getUpdates "HTTP/1.1 200 OK"
2026-03-18 08:25:09,928 - httpx - INFO - HTTP Request: POST https://api.telegram.org/bot8589915661:AAHyWHVAqWbFn2rvAL855UHvlA_rPonziy0/getUpdates "HTTP/1.1 200 OK"
2026-03-18 08:25:20,277 - httpx - INFO - HTTP Request: POST https://api.telegram.org/bot8589915661:AAHyWHVAqWbFn2rvAL855UHvlA_rPonziy0/getUpdates "HTTP/1.1 200 OK"
2026-03-18 08:25:30,603 - httpx - INFO - HTTP Request: POST https://api.telegram.org/bot8589915661:AAHyWHVAqWbFn2rvAL855UHvlA_rPonziy0/getUpdates "HTTP/1.1 200 OK"
2026-03-18 08:25:40,978 - httpx - INFO - HTTP Request: POST https://api.telegram.org/bot8589915661:AAHyWHVAqWbFn2rvAL855UHvlA_rPonziy0/getUpdates "HTTP/1.1 200 OK"
2026-03-18 08:25:51,326 - httpx - INFO - HTTP Request: POST https://api.telegram.org/bot8589915661:AAHyWHVAqWbFn2rvAL855UHvlA_rPonziy0/getUpdates "HTTP/1.1 200 OK"
2026-03-18 08:26:01,759 - httpx - INFO - HTTP Request: POST https://api.telegram.org/bot8589915661:AAHyWHVAqWbFn2rvAL855UHvlA_rPonziy0/getUpdates "HTTP/1.1 200 OK"
2026-03-18 08:26:12,092 - httpx - INFO - HTTP Request: POST https://api.telegram.org/bot8589915661:AAHyWHVAqWbFn2rvAL855UHvlA_rPonziy0/getUpdates "HTTP/1.1 200 OK"
2026-03-18 08:26:22,456 - httpx - INFO - HTTP Request: POST https://api.telegram.org/bot8589915661:AAHyWHVAqWbFn2rvAL855UHvlA_rPonziy0/getUpdates "HTTP/1.1 200 OK"
2026-03-18 08:26:32,779 - httpx - INFO - HTTP Request: POST https://api.telegram.org/bot8589915661:AAHyWHVAqWbFn2rvAL855UHvlA_rPonziy0/getUpdates "HTTP/1.1 200 OK"
2026-03-18 08:26:43,098 - httpx - INFO - HTTP Request: POST https://api.telegram.org/bot8589915661:AAHyWHVAqWbFn2rvAL855UHvlA_rPonziy0/getUpdates "HTTP/1.1 200 OK"
2026-03-18 08:26:53,432 - httpx - INFO - HTTP Request: POST https://api.telegram.org/bot8589915661:AAHyWHVAqWbFn2rvAL855UHvlA_rPonziy0/getUpdates "HTTP/1.1 200 OK"
2026-03-18 08:27:03,756 - httpx - INFO - HTTP Request: POST https://api.telegram.org/bot8589915661:AAHyWHVAqWbFn2rvAL855UHvlA_rPonziy0/getUpdates "HTTP/1.1 200 OK"
2026-03-18 08:27:14,654 - httpx - INFO - HTTP Request: POST https://api.telegram.org/bot8589915661:AAHyWHVAqWbFn2rvAL855UHvlA_rPonziy0/getUpdates "HTTP/1.1 200 OK"
2026-03-18 08:27:24,975 - httpx - INFO - HTTP Request: POST https://api.telegram.org/bot8589915661:AAHyWHVAqWbFn2rvAL855UHvlA_rPonziy0/getUpdates "HTTP/1.1 200 OK"
2026-03-18 08:27:35,299 - httpx - INFO - HTTP Request: POST https://api.telegram.org/bot8589915661:AAHyWHVAqWbFn2rvAL855UHvlA_rPonziy0/getUpdates "HTTP/1.1 200 OK"
2026-03-18 08:27:45,623 - httpx - INFO - HTTP Request: POST https://api.telegram.org/bot8589915661:AAHyWHVAqWbFn2rvAL855UHvlA_rPonziy0/getUpdates "HTTP/1.1 200 OK"
2026-03-18 08:27:55,947 - httpx - INFO - HTTP Request: POST https://api.telegram.org/bot8589915661:AAHyWHVAqWbFn2rvAL855UHvlA_rPonziy0/getUpdates "HTTP/1.1 200 OK"
2026-03-18 08:28:06,270 - httpx - INFO - HTTP Request: POST https://api.telegram.org/bot8589915661:AAHyWHVAqWbFn2rvAL855UHvlA_rPonziy0/getUpdates "HTTP/1.1 200 OK"
2026-03-18 08:28:16,703 - httpx - INFO - HTTP Request: POST https://api.telegram.org/bot8589915661:AAHyWHVAqWbFn2rvAL855UHvlA_rPonziy0/getUpdates "HTTP/1.1 200 OK"
2026-03-18 08:28:27,085 - httpx - INFO - HTTP Request: POST https://api.telegram.org/bot8589915661:AAHyWHVAqWbFn2rvAL855UHvlA_rPonziy0/getUpdates "HTTP/1.1 200 OK"
2026-03-18 08:28:37,411 - httpx - INFO - HTTP Request: POST https://api.telegram.org/bot8589915661:AAHyWHVAqWbFn2rvAL855UHvlA_rPonziy0/getUpdates "HTTP/1.1 200 OK"
2026-03-18 08:28:47,732 - httpx - INFO - HTTP Request: POST https://api.telegram.org/bot8589915661:AAHyWHVAqWbFn2rvAL855UHvlA_rPonziy0/getUpdates "HTTP/1.1 200 OK"
2026-03-18 08:28:58,096 - httpx - INFO - HTTP Request: POST https://api.telegram.org/bot8589915661:AAHyWHVAqWbFn2rvAL855UHvlA_rPonziy0/getUpdates "HTTP/1.1 200 OK"
2026-03-18 08:29:08,432 - httpx - INFO - HTTP Request: POST https://api.telegram.org/bot8589915661:AAHyWHVAqWbFn2rvAL855UHvlA_rPonziy0/getUpdates "HTTP/1.1 200 OK"
2026-03-18 08:29:18,762 - httpx - INFO - HTTP Request: POST https://api.telegram.org/bot8589915661:AAHyWHVAqWbFn2rvAL855UHvlA_rPonziy0/getUpdates "HTTP/1.1 200 OK"
2026-03-18 08:29:29,088 - httpx - INFO - HTTP Request: POST https://api.telegram.org/bot8589915661:AAHyWHVAqWbFn2rvAL855UHvlA_rPonziy0/getUpdates "HTTP/1.1 200 OK"
2026-03-18 08:29:39,416 - httpx - INFO - HTTP Request: POST https://api.telegram.org/bot8589915661:AAHyWHVAqWbFn2rvAL855UHvlA_rPonziy0/getUpdates "HTTP/1.1 200 OK"
2026-03-18 08:29:49,741 - httpx - INFO - HTTP Request: POST https://api.telegram.org/bot8589915661:AAHyWHVAqWbFn2rvAL855UHvlA_rPonziy0/getUpdates "HTTP/1.1 200 OK"
2026-03-18 08:30:00,673 - httpx - INFO - HTTP Request: POST https://api.telegram.org/bot8589915661:AAHyWHVAqWbFn2rvAL855UHvlA_rPonziy0/getUpdates "HTTP/1.1 200 OK"
2026-03-18 08:30:11,013 - httpx - INFO - HTTP Request: POST https://api.telegram.org/bot8589915661:AAHyWHVAqWbFn2rvAL855UHvlA_rPonziy0/getUpdates "HTTP/1.1 200 OK"
2026-03-18 08:30:22,483 - httpx - INFO - HTTP Request: POST https://api.telegram.org/bot8589915661:AAHyWHVAqWbFn2rvAL855UHvlA_rPonziy0/getUpdates "HTTP/1.1 200 OK"
2026-03-18 08:30:32,824 - httpx - INFO - HTTP Request: POST https://api.telegram.org/bot8589915661:AAHyWHVAqWbFn2rvAL855UHvlA_rPonziy0/getUpdates "HTTP/1.1 200 OK"
2026-03-18 08:30:43,167 - httpx - INFO - HTTP Request: POST https://api.telegram.org/bot8589915661:AAHyWHVAqWbFn2rvAL855UHvlA_rPonziy0/getUpdates "HTTP/1.1 200 OK"
2026-03-18 08:30:53,509 - httpx - INFO - HTTP Request: POST https://api.telegram.org/bot8589915661:AAHyWHVAqWbFn2rvAL855UHvlA_rPonziy0/getUpdates "HTTP/1.1 200 OK"
2026-03-18 08:31:03,831 - httpx - INFO - HTTP Request: POST https://api.telegram.org/bot8589915661:AAHyWHVAqWbFn2rvAL855UHvlA_rPonziy0/getUpdates "HTTP/1.1 200 OK"
2026-03-18 08:31:14,232 - httpx - INFO - HTTP Request: POST https://api.telegram.org/bot8589915661:AAHyWHVAqWbFn2rvAL855UHvlA_rPonziy0/getUpdates "HTTP/1.1 200 OK"
2026-03-18 08:31:24,570 - httpx - INFO - HTTP Request: POST https://api.telegram.org/bot8589915661:AAHyWHVAqWbFn2rvAL855UHvlA_rPonziy0/getUpdates "HTTP/1.1 200 OK"
2026-03-18 08:31:34,897 - httpx - INFO - HTTP Request: POST https://api.telegram.org/bot8589915661:AAHyWHVAqWbFn2rvAL855UHvlA_rPonziy0/getUpdates "HTTP/1.1 200 OK"
2026-03-18 08:31:45,221 - httpx - INFO - HTTP Request: POST https://api.telegram.org/bot8589915661:AAHyWHVAqWbFn2rvAL855UHvlA_rPonziy0/getUpdates "HTTP/1.1 200 OK"
2026-03-18 08:31:55,580 - httpx - INFO - HTTP Request: POST https://api.telegram.org/bot8589915661:AAHyWHVAqWbFn2rvAL855UHvlA_rPonziy0/getUpdates "HTTP/1.1 200 OK"
2026-03-18 08:32:05,907 - httpx - INFO - HTTP Request: POST https://api.telegram.org/bot8589915661:AAHyWHVAqWbFn2rvAL855UHvlA_rPonziy0/getUpdates "HTTP/1.1 200 OK"
2026-03-18 08:32:16,250 - httpx - INFO - HTTP Request: POST https://api.telegram.org/bot8589915661:AAHyWHVAqWbFn2rvAL855UHvlA_rPonziy0/getUpdates "HTTP/1.1 200 OK"
2026-03-18 08:32:26,588 - httpx - INFO - HTTP Request: POST https://api.telegram.org/bot8589915661:AAHyWHVAqWbFn2rvAL855UHvlA_rPonziy0/getUpdates "HTTP/1.1 200 OK"
2026-03-18 08:32:36,915 - httpx - INFO - HTTP Request: POST https://api.telegram.org/bot8589915661:AAHyWHVAqWbFn2rvAL855UHvlA_rPonziy0/getUpdates "HTTP/1.1 200 OK"
2026-03-18 08:32:47,237 - httpx - INFO - HTTP Request: POST https://api.telegram.org/bot8589915661:AAHyWHVAqWbFn2rvAL855UHvlA_rPonziy0/getUpdates "HTTP/1.1 200 OK"
2026-03-18 08:32:57,566 - httpx - INFO - HTTP Request: POST https://api.telegram.org/bot8589915661:AAHyWHVAqWbFn2rvAL855UHvlA_rPonziy0/getUpdates "HTTP/1.1 200 OK"
2026-03-18 08:33:07,905 - httpx - INFO - HTTP Request: POST https://api.telegram.org/bot8589915661:AAHyWHVAqWbFn2rvAL855UHvlA_rPonziy0/getUpdates "HTTP/1.1 200 OK"
2026-03-18 08:33:18,226 - httpx - INFO - HTTP Request: POST https://api.telegram.org/bot8589915661:AAHyWHVAqWbFn2rvAL855UHvlA_rPonziy0/getUpdates "HTTP/1.1 200 OK"
2026-03-18 08:33:28,546 - httpx - INFO - HTTP Request: POST https://api.telegram.org/bot8589915661:AAHyWHVAqWbFn2rvAL855UHvlA_rPonziy0/getUpdates "HTTP/1.1 200 OK"
2026-03-18 08:33:38,937 - httpx - INFO - HTTP Request: POST https://api.telegram.org/bot8589915661:AAHyWHVAqWbFn2rvAL855UHvlA_rPonziy0/getUpdates "HTTP/1.1 200 OK"
2026-03-18 08:33:49,521 - httpx - INFO - HTTP Request: POST https://api.telegram.org/bot8589915661:AAHyWHVAqWbFn2rvAL855UHvlA_rPonziy0/getUpdates "HTTP/1.1 200 OK"
2026-03-18 08:33:59,913 - httpx - INFO - HTTP Request: POST https://api.telegram.org/bot8589915661:AAHyWHVAqWbFn2rvAL855UHvlA_rPonziy0/getUpdates "HTTP/1.1 200 OK"
2026-03-18 08:34:10,243 - httpx - INFO - HTTP Request: POST https://api.telegram.org/bot8589915661:AAHyWHVAqWbFn2rvAL855UHvlA_rPonziy0/getUpdates "HTTP/1.1 200 OK"
2026-03-18 08:34:20,582 - httpx - INFO - HTTP Request: POST https://api.telegram.org/bot8589915661:AAHyWHVAqWbFn2rvAL855UHvlA_rPonziy0/getUpdates "HTTP/1.1 200 OK"
2026-03-18 08:34:30,899 - httpx - INFO - HTTP Request: POST https://api.telegram.org/bot8589915661:AAHyWHVAqWbFn2rvAL855UHvlA_rPonziy0/getUpdates "HTTP/1.1 200 OK"
2026-03-18 08:34:41,222 - httpx - INFO - HTTP Request: POST https://api.telegram.org/bot8589915661:AAHyWHVAqWbFn2rvAL855UHvlA_rPonziy0/getUpdates "HTTP/1.1 200 OK"
2026-03-18 08:34:51,546 - httpx - INFO - HTTP Request: POST https://api.telegram.org/bot8589915661:AAHyWHVAqWbFn2rvAL855UHvlA_rPonziy0/getUpdates "HTTP/1.1 200 OK"
2026-03-18 08:35:01,866 - httpx - INFO - HTTP Request: POST https://api.telegram.org/bot8589915661:AAHyWHVAqWbFn2rvAL855UHvlA_rPonziy0/getUpdates "HTTP/1.1 200 OK"
2026-03-18 08:35:12,264 - httpx - INFO - HTTP Request: POST https://api.telegram.org/bot8589915661:AAHyWHVAqWbFn2rvAL855UHvlA_rPonziy0/getUpdates "HTTP/1.1 200 OK"
2026-03-18 08:35:22,588 - httpx - INFO - HTTP Request: POST https://api.telegram.org/bot8589915661:AAHyWHVAqWbFn2rvAL855UHvlA_rPonziy0/getUpdates "HTTP/1.1 200 OK"
2026-03-18 08:35:32,915 - httpx - INFO - HTTP Request: POST https://api.telegram.org/bot8589915661:AAHyWHVAqWbFn2rvAL855UHvlA_rPonziy0/getUpdates "HTTP/1.1 200 OK"
2026-03-18 08:35:43,241 - httpx - INFO - HTTP Request: POST https://api.telegram.org/bot8589915661:AAHyWHVAqWbFn2rvAL855UHvlA_rPonziy0/getUpdates "HTTP/1.1 200 OK"
2026-03-18 08:35:53,563 - httpx - INFO - HTTP Request: POST https://api.telegram.org/bot8589915661:AAHyWHVAqWbFn2rvAL855UHvlA_rPonziy0/getUpdates "HTTP/1.1 200 OK"
2026-03-18 08:36:03,898 - httpx - INFO - HTTP Request: POST https://api.telegram.org/bot8589915661:AAHyWHVAqWbFn2rvAL855UHvlA_rPonziy0/getUpdates "HTTP/1.1 200 OK"
2026-03-18 08:36:14,222 - httpx - INFO - HTTP Request: POST https://api.telegram.org/bot8589915661:AAHyWHVAqWbFn2rvAL855UHvlA_rPonziy0/getUpdates "HTTP/1.1 200 OK"
2026-03-18 08:36:24,621 - httpx - INFO - HTTP Request: POST https://api.telegram.org/bot8589915661:AAHyWHVAqWbFn2rvAL855UHvlA_rPonziy0/getUpdates "HTTP/1.1 200 OK"
2026-03-18 08:36:34,944 - httpx - INFO - HTTP Request: POST https://api.telegram.org/bot8589915661:AAHyWHVAqWbFn2rvAL855UHvlA_rPonziy0/getUpdates "HTTP/1.1 200 OK"
2026-03-18 08:36:45,304 - httpx - INFO - HTTP Request: POST https://api.telegram.org/bot8589915661:AAHyWHVAqWbFn2rvAL855UHvlA_rPonziy0/getUpdates "HTTP/1.1 200 OK"
2026-03-18 08:36:55,633 - httpx - INFO - HTTP Request: POST https://api.telegram.org/bot8589915661:AAHyWHVAqWbFn2rvAL855UHvlA_rPonziy0/getUpdates "HTTP/1.1 200 OK"
2026-03-18 08:37:06,010 - httpx - INFO - HTTP Request: POST https://api.telegram.org/bot8589915661:AAHyWHVAqWbFn2rvAL855UHvlA_rPonziy0/getUpdates "HTTP/1.1 200 OK"
